<?xml version="1.0" encoding="UTF-8"?>
<testsuite name="nl.chooseyouradventure.controller.UserControllerTest" tests="3" skipped="0" failures="0" errors="0" timestamp="2022-11-28T10:56:25" hostname="LAPTOP-T68RLDR0" time="0.003">
  <properties/>
  <testcase name="updateUser()" classname="nl.chooseyouradventure.controller.UserControllerTest" time="0.001"/>
  <testcase name="deleteUser()" classname="nl.chooseyouradventure.controller.UserControllerTest" time="0.001"/>
  <testcase name="getUsers()" classname="nl.chooseyouradventure.controller.UserControllerTest" time="0.0"/>
  <system-out><![CDATA[]]></system-out>
  <system-err><![CDATA[]]></system-err>
</testsuite>
