<?xml version="1.0" encoding="UTF-8"?>
<testsuite name="nl.chooseyouradventure.service.StoryServiceTest" tests="42" skipped="0" failures="0" errors="0" timestamp="2023-01-13T13:56:31" hostname="PIRATERYDER" time="0.147">
  <properties/>
  <testcase name="saveStory_withUser()" classname="nl.chooseyouradventure.service.StoryServiceTest" time="0.089"/>
  <testcase name="incrementStoryOption_nullInputted()" classname="nl.chooseyouradventure.service.StoryServiceTest" time="0.001"/>
  <testcase name="saveStoryBody_noTypeNoStory()" classname="nl.chooseyouradventure.service.StoryServiceTest" time="0.002"/>
  <testcase name="getAllStoriesUserDta_EmptyUsername()" classname="nl.chooseyouradventure.service.StoryServiceTest" time="0.002"/>
  <testcase name="saveStoryBody_InvalidStoryIsNull()" classname="nl.chooseyouradventure.service.StoryServiceTest" time="0.001"/>
  <testcase name="getStory_withInValidId()" classname="nl.chooseyouradventure.service.StoryServiceTest" time="0.002"/>
  <testcase name="incrementStoryOption_MinusInputted()" classname="nl.chooseyouradventure.service.StoryServiceTest" time="0.001"/>
  <testcase name="getAllStoriesBasedOnName_NameIsNull()" classname="nl.chooseyouradventure.service.StoryServiceTest" time="0.001"/>
  <testcase name="getAllStories_noList()" classname="nl.chooseyouradventure.service.StoryServiceTest" time="0.002"/>
  <testcase name="saveStoryBody_InvalidStoryBodyIsNull()" classname="nl.chooseyouradventure.service.StoryServiceTest" time="0.001"/>
  <testcase name="getAllStoriesUserDta_EmptyList()" classname="nl.chooseyouradventure.service.StoryServiceTest" time="0.001"/>
  <testcase name="getStoryBody_validId()" classname="nl.chooseyouradventure.service.StoryServiceTest" time="0.001"/>
  <testcase name="saveStoryBody_noBodyNoStory()" classname="nl.chooseyouradventure.service.StoryServiceTest" time="0.0"/>
  <testcase name="getAllStoriesUserDta_NoUsernameSpecified()" classname="nl.chooseyouradventure.service.StoryServiceTest" time="0.0"/>
  <testcase name="saveStoryBody_noType()" classname="nl.chooseyouradventure.service.StoryServiceTest" time="0.002"/>
  <testcase name="getAllStories()" classname="nl.chooseyouradventure.service.StoryServiceTest" time="0.002"/>
  <testcase name="incrementStoryOption_Success()" classname="nl.chooseyouradventure.service.StoryServiceTest" time="0.002"/>
  <testcase name="getStoryBodyType_NoValidNameIsEmpty()" classname="nl.chooseyouradventure.service.StoryServiceTest" time="0.001"/>
  <testcase name="deleteUserStory_ValidId()" classname="nl.chooseyouradventure.service.StoryServiceTest" time="0.002"/>
  <testcase name="getAllStoriesBasedOnName_SizeIsTwo()" classname="nl.chooseyouradventure.service.StoryServiceTest" time="0.001"/>
  <testcase name="incrementStoryOption_noOptional()" classname="nl.chooseyouradventure.service.StoryServiceTest" time="0.001"/>
  <testcase name="saveStoryBody_Success()" classname="nl.chooseyouradventure.service.StoryServiceTest" time="0.001"/>
  <testcase name="getStoryBodyType_ValidName()" classname="nl.chooseyouradventure.service.StoryServiceTest" time="0.001"/>
  <testcase name="deleteStory_ValidId()" classname="nl.chooseyouradventure.service.StoryServiceTest" time="0.001"/>
  <testcase name="saveStory_noUser()" classname="nl.chooseyouradventure.service.StoryServiceTest" time="0.001"/>
  <testcase name="getAllStoriesUserDta_success()" classname="nl.chooseyouradventure.service.StoryServiceTest" time="0.001"/>
  <testcase name="getStoryBody_emptyList()" classname="nl.chooseyouradventure.service.StoryServiceTest" time="0.001"/>
  <testcase name="incrementStoryOption_noChosen()" classname="nl.chooseyouradventure.service.StoryServiceTest" time="0.002"/>
  <testcase name="getStoryBodyType_NoValidNameIsEmptyString()" classname="nl.chooseyouradventure.service.StoryServiceTest" time="0.002"/>
  <testcase name="getStory_withValidId()" classname="nl.chooseyouradventure.service.StoryServiceTest" time="0.001"/>
  <testcase name="getAllStoriesUserDta_NullUser()" classname="nl.chooseyouradventure.service.StoryServiceTest" time="0.001"/>
  <testcase name="deleteStory_NoValidId()" classname="nl.chooseyouradventure.service.StoryServiceTest" time="0.001"/>
  <testcase name="getStoryBodyType()" classname="nl.chooseyouradventure.service.StoryServiceTest" time="0.001"/>
  <testcase name="GetAllStoriesUser()" classname="nl.chooseyouradventure.service.StoryServiceTest" time="0.001"/>
  <testcase name="getAllStoriesBasedOnName_NameIsEmptyString()" classname="nl.chooseyouradventure.service.StoryServiceTest" time="0.001"/>
  <testcase name="getAllStoriesBasedOnName_SizeIsNull()" classname="nl.chooseyouradventure.service.StoryServiceTest" time="0.001"/>
  <testcase name="getStoryBody_InvalidId()" classname="nl.chooseyouradventure.service.StoryServiceTest" time="0.001"/>
  <testcase name="saveStoryBody_InvalidStoryTypeIsNull()" classname="nl.chooseyouradventure.service.StoryServiceTest" time="0.0"/>
  <testcase name="GetAllStoriesUser_withInValidId()" classname="nl.chooseyouradventure.service.StoryServiceTest" time="0.001"/>
  <testcase name="deleteUserStory_NoValidId()" classname="nl.chooseyouradventure.service.StoryServiceTest" time="0.001"/>
  <testcase name="incrementStoryOption_catch()" classname="nl.chooseyouradventure.service.StoryServiceTest" time="0.002"/>
  <testcase name="getStoryBodyType_NoValidNameIsNull()" classname="nl.chooseyouradventure.service.StoryServiceTest" time="0.001"/>
  <system-out><![CDATA[]]></system-out>
  <system-err><![CDATA[]]></system-err>
</testsuite>
