<?xml version="1.0" encoding="UTF-8"?>
<testsuite name="nl.chooseyouradventure.security.authentication.UserDetailsMapperTest" tests="3" skipped="0" failures="0" errors="0" timestamp="2022-11-29T19:24:37" hostname="LAPTOP-T68RLDR0" time="0.222">
  <properties/>
  <testcase name="toUserDetails_IsMod()" classname="nl.chooseyouradventure.security.authentication.UserDetailsMapperTest" time="0.209"/>
  <testcase name="toUserDetails_IsUser()" classname="nl.chooseyouradventure.security.authentication.UserDetailsMapperTest" time="0.004"/>
  <testcase name="toUserDetails_NoRole()" classname="nl.chooseyouradventure.security.authentication.UserDetailsMapperTest" time="0.003"/>
  <system-out><![CDATA[]]></system-out>
  <system-err><![CDATA[]]></system-err>
</testsuite>
