<?xml version="1.0" encoding="UTF-8"?>
<testsuite name="nl.chooseyouradventure.service.UserServiceTest" tests="7" skipped="0" failures="0" errors="0" timestamp="2022-11-29T19:27:47" hostname="LAPTOP-T68RLDR0" time="0.174">
  <properties/>
  <testcase name="deleteUser_withInvalidId()" classname="nl.chooseyouradventure.service.UserServiceTest" time="0.009"/>
  <testcase name="updateUser_withUnknownUsername()" classname="nl.chooseyouradventure.service.UserServiceTest" time="0.005"/>
  <testcase name="deleteUser_withValidId()" classname="nl.chooseyouradventure.service.UserServiceTest" time="0.055"/>
  <testcase name="updateUser_withValidInput()" classname="nl.chooseyouradventure.service.UserServiceTest" time="0.004"/>
  <testcase name="updateUser_withInValidInput()" classname="nl.chooseyouradventure.service.UserServiceTest" time="0.004"/>
  <testcase name="getUsers()" classname="nl.chooseyouradventure.service.UserServiceTest" time="0.009"/>
  <testcase name="updateUser_withInValidId()" classname="nl.chooseyouradventure.service.UserServiceTest" time="0.05"/>
  <system-out><![CDATA[]]></system-out>
  <system-err><![CDATA[]]></system-err>
</testsuite>
