<?xml version="1.0" encoding="UTF-8"?>
<testsuite name="nl.chooseyouradventure.security.authentication.UserDetailsMapperTest" tests="3" skipped="0" failures="0" errors="0" timestamp="2022-12-05T16:31:44" hostname="PIRATERYDER" time="0.01">
  <properties/>
  <testcase name="toUserDetails_IsMod()" classname="nl.chooseyouradventure.security.authentication.UserDetailsMapperTest" time="0.008"/>
  <testcase name="toUserDetails_IsUser()" classname="nl.chooseyouradventure.security.authentication.UserDetailsMapperTest" time="0.001"/>
  <testcase name="toUserDetails_NoRole()" classname="nl.chooseyouradventure.security.authentication.UserDetailsMapperTest" time="0.001"/>
  <system-out><![CDATA[]]></system-out>
  <system-err><![CDATA[]]></system-err>
</testsuite>
