<?xml version="1.0" encoding="UTF-8"?>
<testsuite name="nl.chooseyouradventure.security.authentication.UserDetailsMapperTest" tests="3" skipped="0" failures="0" errors="0" timestamp="2022-11-28T10:56:27" hostname="LAPTOP-T68RLDR0" time="0.013">
  <properties/>
  <testcase name="toUserDetails_IsMod()" classname="nl.chooseyouradventure.security.authentication.UserDetailsMapperTest" time="0.01"/>
  <testcase name="toUserDetails_IsUser()" classname="nl.chooseyouradventure.security.authentication.UserDetailsMapperTest" time="0.001"/>
  <testcase name="toUserDetails_NoRole()" classname="nl.chooseyouradventure.security.authentication.UserDetailsMapperTest" time="0.001"/>
  <system-out><![CDATA[]]></system-out>
  <system-err><![CDATA[]]></system-err>
</testsuite>
