<?xml version="1.0" encoding="UTF-8"?>
<testsuite name="nl.chooseyouradventure.controller.LoginControllerTest" tests="3" skipped="0" failures="0" errors="0" timestamp="2022-11-29T19:24:23" hostname="LAPTOP-T68RLDR0" time="9.342">
  <properties/>
  <testcase name="getLogin_expect200()" classname="nl.chooseyouradventure.controller.LoginControllerTest" time="6.445"/>
  <testcase name="register_expect201()" classname="nl.chooseyouradventure.controller.LoginControllerTest" time="2.004"/>
  <testcase name="register_expect400()" classname="nl.chooseyouradventure.controller.LoginControllerTest" time="0.823"/>
  <system-out><![CDATA[20:20:06.816 [Test worker] DEBUG org.springframework.test.context.BootstrapUtils - Instantiating CacheAwareContextLoaderDelegate from class [org.springframework.test.context.cache.DefaultCacheAwareContextLoaderDelegate]
20:20:06.890 [Test worker] DEBUG org.springframework.test.context.BootstrapUtils - Instantiating BootstrapContext using constructor [public org.springframework.test.context.support.DefaultBootstrapContext(java.lang.Class,org.springframework.test.context.CacheAwareContextLoaderDelegate)]
20:20:09.657 [Test worker] DEBUG org.springframework.test.context.BootstrapUtils - Instantiating TestContextBootstrapper for test class [nl.chooseyouradventure.controller.LoginControllerTest] from class [org.springframework.boot.test.context.SpringBootTestContextBootstrapper]
20:20:10.284 [Test worker] INFO org.springframework.boot.test.context.SpringBootTestContextBootstrapper - Neither @ContextConfiguration nor @ContextHierarchy found for test class [nl.chooseyouradventure.controller.LoginControllerTest], using SpringBootContextLoader
20:20:10.284 [Test worker] DEBUG org.springframework.test.context.support.AbstractContextLoader - Did not detect default resource location for test class [nl.chooseyouradventure.controller.LoginControllerTest]: class path resource [nl/chooseyouradventure/controller/LoginControllerTest-context.xml] does not exist
20:20:10.284 [Test worker] DEBUG org.springframework.test.context.support.AbstractContextLoader - Did not detect default resource location for test class [nl.chooseyouradventure.controller.LoginControllerTest]: class path resource [nl/chooseyouradventure/controller/LoginControllerTestContext.groovy] does not exist
20:20:10.284 [Test worker] INFO org.springframework.test.context.support.AbstractContextLoader - Could not detect default resource locations for test class [nl.chooseyouradventure.controller.LoginControllerTest]: no resource found for suffixes {-context.xml, Context.groovy}.
20:20:10.299 [Test worker] INFO org.springframework.test.context.support.AnnotationConfigContextLoaderUtils - Could not detect default configuration classes for test class [nl.chooseyouradventure.controller.LoginControllerTest]: LoginControllerTest does not declare any static, non-private, non-final, nested classes annotated with @Configuration.
20:20:13.707 [Test worker] DEBUG org.springframework.test.context.support.ActiveProfilesUtils - Could not find an 'annotation declaring class' for annotation type [org.springframework.test.context.ActiveProfiles] and class [nl.chooseyouradventure.controller.LoginControllerTest]
20:20:16.538 [Test worker] DEBUG org.springframework.context.annotation.ClassPathScanningCandidateComponentProvider - Identified candidate component class: file [C:\testIntel\s3_cb01_individual_track\Application\ChooseYourAdventure\build\classes\java\main\nl\chooseyouradventure\Main.class]
20:20:16.553 [Test worker] INFO org.springframework.boot.test.context.SpringBootTestContextBootstrapper - Found @SpringBootConfiguration nl.chooseyouradventure.Main for test class nl.chooseyouradventure.controller.LoginControllerTest
20:20:20.887 [Test worker] DEBUG org.springframework.boot.test.context.SpringBootTestContextBootstrapper - @TestExecutionListeners is not present for class [nl.chooseyouradventure.controller.LoginControllerTest]: using defaults.
20:20:20.887 [Test worker] INFO org.springframework.boot.test.context.SpringBootTestContextBootstrapper - Loaded default TestExecutionListener class names from location [META-INF/spring.factories]: [org.springframework.security.test.context.support.WithSecurityContextTestExecutionListener, org.springframework.security.test.context.support.ReactorContextTestExecutionListener, org.springframework.boot.test.autoconfigure.restdocs.RestDocsTestExecutionListener, org.springframework.boot.test.autoconfigure.web.client.MockRestServiceServerResetTestExecutionListener, org.springframework.boot.test.autoconfigure.web.servlet.MockMvcPrintOnlyOnFailureTestExecutionListener, org.springframework.boot.test.autoconfigure.web.servlet.WebDriverTestExecutionListener, org.springframework.boot.test.autoconfigure.webservices.client.MockWebServiceServerTestExecutionListener, org.springframework.boot.test.mock.mockito.MockitoTestExecutionListener, org.springframework.boot.test.mock.mockito.ResetMocksTestExecutionListener, org.springframework.test.context.web.ServletTestExecutionListener, org.springframework.test.context.support.DirtiesContextBeforeModesTestExecutionListener, org.springframework.test.context.event.ApplicationEventsTestExecutionListener, org.springframework.test.context.support.DependencyInjectionTestExecutionListener, org.springframework.test.context.support.DirtiesContextTestExecutionListener, org.springframework.test.context.transaction.TransactionalTestExecutionListener, org.springframework.test.context.jdbc.SqlScriptsTestExecutionListener, org.springframework.test.context.event.EventPublishingTestExecutionListener]
20:20:21.028 [Test worker] INFO org.springframework.boot.test.context.SpringBootTestContextBootstrapper - Using TestExecutionListeners: [org.springframework.test.context.web.ServletTestExecutionListener@6397248c, org.springframework.test.context.support.DirtiesContextBeforeModesTestExecutionListener@25f61c2c, org.springframework.test.context.event.ApplicationEventsTestExecutionListener@72bd2871, org.springframework.boot.test.mock.mockito.MockitoTestExecutionListener@77429040, org.springframework.boot.test.autoconfigure.SpringBootDependencyInjectionTestExecutionListener@2d2b6960, org.springframework.test.context.support.DirtiesContextTestExecutionListener@38291795, org.springframework.test.context.transaction.TransactionalTestExecutionListener@234c5e41, org.springframework.test.context.jdbc.SqlScriptsTestExecutionListener@40ef0af8, org.springframework.security.test.context.support.WithSecurityContextTestExecutionListener@36790bec, org.springframework.test.context.event.EventPublishingTestExecutionListener@461c3709, org.springframework.security.test.context.support.ReactorContextTestExecutionListener@7e3d7dd, org.springframework.boot.test.autoconfigure.restdocs.RestDocsTestExecutionListener@3f63a513, org.springframework.boot.test.autoconfigure.web.client.MockRestServiceServerResetTestExecutionListener@413bef78, org.springframework.boot.test.autoconfigure.web.servlet.MockMvcPrintOnlyOnFailureTestExecutionListener@66383c29, org.springframework.boot.test.autoconfigure.web.servlet.WebDriverTestExecutionListener@7f7c420c, org.springframework.boot.test.autoconfigure.webservices.client.MockWebServiceServerTestExecutionListener@5d152bcd, org.springframework.boot.test.mock.mockito.ResetMocksTestExecutionListener@43cb5f38]
20:20:21.044 [Test worker] DEBUG org.springframework.test.context.support.AbstractDirtiesContextTestExecutionListener - Before test class: context [DefaultTestContext@5a058be5 testClass = LoginControllerTest, testInstance = [null], testMethod = [null], testException = [null], mergedContextConfiguration = [WebMergedContextConfiguration@4eaf7902 testClass = LoginControllerTest, locations = '{}', classes = '{class nl.chooseyouradventure.Main}', contextInitializerClasses = '[]', activeProfiles = '{}', propertySourceLocations = '{}', propertySourceProperties = '{org.springframework.boot.test.context.SpringBootTestContextBootstrapper=true}', contextCustomizers = set[org.springframework.boot.test.autoconfigure.actuate.metrics.MetricsExportContextCustomizerFactory$DisableMetricExportContextCustomizer@7ca8d498, org.springframework.boot.test.autoconfigure.properties.PropertyMappingContextCustomizer@4b3fa0b3, org.springframework.boot.test.autoconfigure.web.servlet.WebDriverContextCustomizerFactory$Customizer@3c0bbc9f, [ImportsContextCustomizer@20c812c8 key = [org.springframework.boot.test.autoconfigure.web.servlet.MockMvcAutoConfiguration, org.springframework.boot.test.autoconfigure.web.servlet.MockMvcWebClientAutoConfiguration, org.springframework.boot.test.autoconfigure.web.servlet.MockMvcWebDriverAutoConfiguration, org.springframework.boot.autoconfigure.security.oauth2.client.servlet.OAuth2ClientAutoConfiguration, org.springframework.boot.autoconfigure.security.oauth2.resource.servlet.OAuth2ResourceServerAutoConfiguration, org.springframework.boot.autoconfigure.security.servlet.SecurityAutoConfiguration, org.springframework.boot.autoconfigure.security.servlet.SecurityFilterAutoConfiguration, org.springframework.boot.autoconfigure.security.servlet.UserDetailsServiceAutoConfiguration, org.springframework.boot.test.autoconfigure.web.servlet.MockMvcSecurityConfiguration, org.springframework.boot.test.autoconfigure.web.reactive.WebTestClientAutoConfiguration]], org.springframework.boot.test.context.filter.ExcludeFilterContextCustomizer@6f1a80fb, org.springframework.boot.test.json.DuplicateJsonObjectContextCustomizerFactory$DuplicateJsonObjectContextCustomizer@9aa2002, org.springframework.boot.test.mock.mockito.MockitoContextCustomizer@147fe98f, org.springframework.boot.test.web.client.TestRestTemplateContextCustomizer@6917bb4, org.springframework.boot.test.context.SpringBootTestArgs@1, org.springframework.boot.test.context.SpringBootTestWebEnvironment@7fb9f71f], resourceBasePath = 'src/main/webapp', contextLoader = 'org.springframework.boot.test.context.SpringBootContextLoader', parent = [null]], attributes = map['org.springframework.test.context.web.ServletTestExecutionListener.activateListener' -> true]], class annotated with @DirtiesContext [false] with mode [null].

  .   ____          _            __ _ _
 /\\ / ___'_ __ _ _(_)_ __  __ _ \ \ \ \
( ( )\___ | '_ | '_| | '_ \/ _` | \ \ \ \
 \\/  ___)| |_)| | | | | || (_| |  ) ) ) )
  '  |____| .__|_| |_|_| |_\__, | / / / /
 =========|_|==============|___/=/_/_/_/
 :: Spring Boot ::                (v2.7.3)

2022-11-29 20:20:36.863  INFO 27856 --- [    Test worker] n.c.controller.LoginControllerTest       : Starting LoginControllerTest using Java 17.0.4.1 on LAPTOP-T68RLDR0 with PID 27856 (started by Arenco in C:\testIntel\s3_cb01_individual_track\Application\ChooseYourAdventure)
2022-11-29 20:20:36.879 DEBUG 27856 --- [    Test worker] n.c.controller.LoginControllerTest       : Running with Spring Boot v2.7.3, Spring v5.3.22
2022-11-29 20:20:36.879  INFO 27856 --- [    Test worker] n.c.controller.LoginControllerTest       : No active profile set, falling back to 1 default profile: "default"
2022-11-29 20:21:06.973  INFO 27856 --- [    Test worker] .s.d.r.c.RepositoryConfigurationDelegate : Bootstrapping Spring Data JPA repositories in DEFAULT mode.
2022-11-29 20:21:09.497  INFO 27856 --- [    Test worker] .s.d.r.c.RepositoryConfigurationDelegate : Finished Spring Data repository scanning in 2274 ms. Found 5 JPA repository interfaces.
2022-11-29 20:21:52.408  INFO 27856 --- [    Test worker] trationDelegate$BeanPostProcessorChecker : Bean 'methodSecurityConfig' of type [nl.chooseyouradventure.configuration.security.MethodSecurityConfig$$EnhancerBySpringCGLIB$$89004ff1] is not eligible for getting processed by all BeanPostProcessors (for example: not eligible for auto-proxying)
2022-11-29 20:21:59.513  INFO 27856 --- [    Test worker] o.hibernate.jpa.internal.util.LogHelper  : HHH000204: Processing PersistenceUnitInfo [name: default]
2022-11-29 20:22:00.900  INFO 27856 --- [    Test worker] org.hibernate.Version                    : HHH000412: Hibernate ORM core version 5.6.10.Final
2022-11-29 20:22:02.575  INFO 27856 --- [    Test worker] o.hibernate.annotations.common.Version   : HCANN000001: Hibernate Commons Annotations {5.1.2.Final}
2022-11-29 20:22:06.476  INFO 27856 --- [    Test worker] com.zaxxer.hikari.HikariDataSource       : HikariPool-1 - Starting...
2022-11-29 20:22:13.416  INFO 27856 --- [    Test worker] com.zaxxer.hikari.HikariDataSource       : HikariPool-1 - Start completed.
2022-11-29 20:22:13.605  INFO 27856 --- [    Test worker] org.hibernate.dialect.Dialect            : HHH000400: Using dialect: org.hibernate.dialect.MySQL55Dialect
2022-11-29 20:23:08.531  INFO 27856 --- [    Test worker] o.h.e.t.j.p.i.JtaPlatformInitiator       : HHH000490: Using JtaPlatform implementation: [org.hibernate.engine.transaction.jta.platform.internal.NoJtaPlatform]
2022-11-29 20:23:08.546  INFO 27856 --- [    Test worker] j.LocalContainerEntityManagerFactoryBean : Initialized JPA EntityManagerFactory for persistence unit 'default'
2022-11-29 20:23:45.539  WARN 27856 --- [    Test worker] JpaBaseConfiguration$JpaWebConfiguration : spring.jpa.open-in-view is enabled by default. Therefore, database queries may be performed during view rendering. Explicitly configure spring.jpa.open-in-view to disable this warning
2022-11-29 20:24:03.331  INFO 27856 --- [    Test worker] o.s.s.web.DefaultSecurityFilterChain     : Will secure any request with [org.springframework.security.web.session.DisableEncodeUrlFilter@1de4ac17, org.springframework.security.web.context.request.async.WebAsyncManagerIntegrationFilter@637f9eb6, org.springframework.security.web.context.SecurityContextPersistenceFilter@2ade2e48, org.springframework.security.web.header.HeaderWriterFilter@3fa57a5a, org.springframework.web.filter.CorsFilter@71f0098a, org.springframework.security.web.authentication.logout.LogoutFilter@61606235, org.springframework.security.web.authentication.www.BasicAuthenticationFilter@47546cdf, org.springframework.security.web.savedrequest.RequestCacheAwareFilter@105b5e18, org.springframework.security.web.servletapi.SecurityContextHolderAwareRequestFilter@68cb968c, org.springframework.security.web.authentication.AnonymousAuthenticationFilter@1a3ffd70, org.springframework.security.web.session.SessionManagementFilter@37c5cf61, org.springframework.security.web.access.ExceptionTranslationFilter@3bad9493, org.springframework.security.web.access.intercept.FilterSecurityInterceptor@6c6e45d2]
2022-11-29 20:24:23.018  INFO 27856 --- [    Test worker] o.s.b.t.m.w.SpringBootMockServletContext : Initializing Spring TestDispatcherServlet ''
2022-11-29 20:24:23.018  INFO 27856 --- [    Test worker] o.s.t.web.servlet.TestDispatcherServlet  : Initializing Servlet ''
2022-11-29 20:24:23.018  INFO 27856 --- [    Test worker] o.s.t.web.servlet.TestDispatcherServlet  : Completed initialization in 0 ms
2022-11-29 20:24:23.097  INFO 27856 --- [    Test worker] n.c.controller.LoginControllerTest       : Started LoginControllerTest in 240.567 seconds (JVM running for 304.845)
2022-11-29 20:24:26.570 DEBUG 27856 --- [    Test worker] o.s.w.f.CommonsRequestLoggingFilter      : Before request [GET /api/login]
2022-11-29 20:24:29.922 DEBUG 27856 --- [    Test worker] o.s.w.f.CommonsRequestLoggingFilter      : After request [GET /api/login]

MockHttpServletRequest:
      HTTP Method = GET
      Request URI = /api/login
       Parameters = {username=[Ramen], password=[passwordEncoded]}
          Headers = [Content-Type:"application/json;charset=UTF-8"]
             Body = null
    Session Attrs = {}

Handler:
             Type = nl.chooseyouradventure.controller.LoginController
           Method = nl.chooseyouradventure.controller.LoginController#getLoginPage(String, String, HttpServletResponse)

Async:
    Async started = false
     Async result = null

Resolved Exception:
             Type = null

ModelAndView:
        View name = null
             View = null
            Model = null

FlashMap:
       Attributes = null

MockHttpServletResponse:
           Status = 200
    Error message = null
          Headers = [Vary:"Origin", "Access-Control-Request-Method", "Access-Control-Request-Headers", Content-Type:"application/json", X-Content-Type-Options:"nosniff", X-XSS-Protection:"1; mode=block", Cache-Control:"no-cache, no-store, max-age=0, must-revalidate", Pragma:"no-cache", Expires:"0"]
     Content type = application/json
             Body = {"userid":200,"username":"Ramen","email":"ramen@gmail.com","password":"passwordEncoded","keyword":"key","ismod":false,"accesToken":null}
    Forwarded URL = null
   Redirected URL = null
          Cookies = []
2022-11-29 20:24:30.393 DEBUG 27856 --- [    Test worker] o.s.w.f.CommonsRequestLoggingFilter      : Before request [POST /api/register]
2022-11-29 20:24:31.993 DEBUG 27856 --- [    Test worker] o.s.w.f.CommonsRequestLoggingFilter      : After request [POST /api/register]

MockHttpServletRequest:
      HTTP Method = POST
      Request URI = /api/register
       Parameters = {}
          Headers = [Content-Type:"application/json;charset=UTF-8", Content-Length:"76"]
             Body = {"username":"Ramen","email":"ramen@gmail.com","password":"passwordEncoded"}

    Session Attrs = {}

Handler:
             Type = nl.chooseyouradventure.controller.LoginController
           Method = nl.chooseyouradventure.controller.LoginController#register(UserDta)

Async:
    Async started = false
     Async result = null

Resolved Exception:
             Type = null

ModelAndView:
        View name = null
             View = null
            Model = null

FlashMap:
       Attributes = null

MockHttpServletResponse:
           Status = 201
    Error message = null
          Headers = [Vary:"Origin", "Access-Control-Request-Method", "Access-Control-Request-Headers", X-Content-Type-Options:"nosniff", X-XSS-Protection:"1; mode=block", Cache-Control:"no-cache, no-store, max-age=0, must-revalidate", Pragma:"no-cache", Expires:"0"]
     Content type = null
             Body = 
    Forwarded URL = null
   Redirected URL = null
          Cookies = []

MockHttpServletRequest:
      HTTP Method = POST
      Request URI = /api/registering
       Parameters = {}
          Headers = [Content-Type:"application/json;charset=UTF-8", Content-Length:"76"]
             Body = {"username":"Ramen","email":"ramen@gmail.com","password":"passwordEncoded"}

    Session Attrs = {}

Handler:
             Type = null

Async:
    Async started = false
     Async result = null

Resolved Exception:
             Type = null

ModelAndView:
        View name = null
             View = null
            Model = null

FlashMap:
       Attributes = null

MockHttpServletResponse:
           Status = 401
    Error message = Unauthorized
          Headers = [Vary:"Origin", "Access-Control-Request-Method", "Access-Control-Request-Headers", WWW-Authenticate:"Basic realm="Realm"", X-Content-Type-Options:"nosniff", X-XSS-Protection:"1; mode=block", Cache-Control:"no-cache, no-store, max-age=0, must-revalidate", Pragma:"no-cache", Expires:"0"]
     Content type = null
             Body = 
    Forwarded URL = null
   Redirected URL = null
          Cookies = []
]]></system-out>
  <system-err><![CDATA[]]></system-err>
</testsuite>
