<?xml version="1.0" encoding="UTF-8"?>
<testsuite name="nl.chooseyouradventure.model.UsermapperTest" tests="6" skipped="0" failures="0" errors="0" timestamp="2022-12-05T16:31:44" hostname="PIRATERYDER" time="0.018">
  <properties/>
  <testcase name="giveDta_succesful()" classname="nl.chooseyouradventure.model.UsermapperTest" time="0.003"/>
  <testcase name="giveDta_noEmail()" classname="nl.chooseyouradventure.model.UsermapperTest" time="0.01"/>
  <testcase name="giveEntity_successful()" classname="nl.chooseyouradventure.model.UsermapperTest" time="0.001"/>
  <testcase name="giveEntity_nullGiven()" classname="nl.chooseyouradventure.model.UsermapperTest" time="0.001"/>
  <testcase name="giveEntity_noEmail()" classname="nl.chooseyouradventure.model.UsermapperTest" time="0.001"/>
  <testcase name="giveDta_NullEntered()" classname="nl.chooseyouradventure.model.UsermapperTest" time="0.0"/>
  <system-out><![CDATA[]]></system-out>
  <system-err><![CDATA[]]></system-err>
</testsuite>
