<?xml version="1.0" encoding="UTF-8"?>
<testsuite name="nl.chooseyouradventure.controller.LoginControllerTest" tests="3" skipped="0" failures="0" errors="0" timestamp="2022-12-16T10:01:39" hostname="PIRATERYDER" time="0.285">
  <properties/>
  <testcase name="getLogin_expect200()" classname="nl.chooseyouradventure.controller.LoginControllerTest" time="0.207"/>
  <testcase name="register_expect201()" classname="nl.chooseyouradventure.controller.LoginControllerTest" time="0.062"/>
  <testcase name="register_expect400()" classname="nl.chooseyouradventure.controller.LoginControllerTest" time="0.013"/>
  <system-out><![CDATA[11:01:24.125 [Test worker] DEBUG org.springframework.test.context.BootstrapUtils - Instantiating CacheAwareContextLoaderDelegate from class [org.springframework.test.context.cache.DefaultCacheAwareContextLoaderDelegate]
11:01:24.151 [Test worker] DEBUG org.springframework.test.context.BootstrapUtils - Instantiating BootstrapContext using constructor [public org.springframework.test.context.support.DefaultBootstrapContext(java.lang.Class,org.springframework.test.context.CacheAwareContextLoaderDelegate)]
11:01:24.237 [Test worker] DEBUG org.springframework.test.context.BootstrapUtils - Instantiating TestContextBootstrapper for test class [nl.chooseyouradventure.controller.LoginControllerTest] from class [org.springframework.boot.test.context.SpringBootTestContextBootstrapper]
11:01:24.259 [Test worker] INFO org.springframework.boot.test.context.SpringBootTestContextBootstrapper - Neither @ContextConfiguration nor @ContextHierarchy found for test class [nl.chooseyouradventure.controller.LoginControllerTest], using SpringBootContextLoader
11:01:24.268 [Test worker] DEBUG org.springframework.test.context.support.AbstractContextLoader - Did not detect default resource location for test class [nl.chooseyouradventure.controller.LoginControllerTest]: class path resource [nl/chooseyouradventure/controller/LoginControllerTest-context.xml] does not exist
11:01:24.269 [Test worker] DEBUG org.springframework.test.context.support.AbstractContextLoader - Did not detect default resource location for test class [nl.chooseyouradventure.controller.LoginControllerTest]: class path resource [nl/chooseyouradventure/controller/LoginControllerTestContext.groovy] does not exist
11:01:24.269 [Test worker] INFO org.springframework.test.context.support.AbstractContextLoader - Could not detect default resource locations for test class [nl.chooseyouradventure.controller.LoginControllerTest]: no resource found for suffixes {-context.xml, Context.groovy}.
11:01:24.270 [Test worker] INFO org.springframework.test.context.support.AnnotationConfigContextLoaderUtils - Could not detect default configuration classes for test class [nl.chooseyouradventure.controller.LoginControllerTest]: LoginControllerTest does not declare any static, non-private, non-final, nested classes annotated with @Configuration.
11:01:24.391 [Test worker] DEBUG org.springframework.test.context.support.ActiveProfilesUtils - Could not find an 'annotation declaring class' for annotation type [org.springframework.test.context.ActiveProfiles] and class [nl.chooseyouradventure.controller.LoginControllerTest]
11:01:24.548 [Test worker] DEBUG org.springframework.context.annotation.ClassPathScanningCandidateComponentProvider - Identified candidate component class: file [C:\Users\Arenc\OneDrive\Documenten\Fontys S3\Back\Application\ChooseYourAdventure\build\classes\java\main\nl\chooseyouradventure\Main.class]
11:01:24.551 [Test worker] INFO org.springframework.boot.test.context.SpringBootTestContextBootstrapper - Found @SpringBootConfiguration nl.chooseyouradventure.Main for test class nl.chooseyouradventure.controller.LoginControllerTest
11:01:24.711 [Test worker] DEBUG org.springframework.boot.test.context.SpringBootTestContextBootstrapper - @TestExecutionListeners is not present for class [nl.chooseyouradventure.controller.LoginControllerTest]: using defaults.
11:01:24.712 [Test worker] INFO org.springframework.boot.test.context.SpringBootTestContextBootstrapper - Loaded default TestExecutionListener class names from location [META-INF/spring.factories]: [org.springframework.security.test.context.support.WithSecurityContextTestExecutionListener, org.springframework.security.test.context.support.ReactorContextTestExecutionListener, org.springframework.boot.test.autoconfigure.restdocs.RestDocsTestExecutionListener, org.springframework.boot.test.autoconfigure.web.client.MockRestServiceServerResetTestExecutionListener, org.springframework.boot.test.autoconfigure.web.servlet.MockMvcPrintOnlyOnFailureTestExecutionListener, org.springframework.boot.test.autoconfigure.web.servlet.WebDriverTestExecutionListener, org.springframework.boot.test.autoconfigure.webservices.client.MockWebServiceServerTestExecutionListener, org.springframework.boot.test.mock.mockito.MockitoTestExecutionListener, org.springframework.boot.test.mock.mockito.ResetMocksTestExecutionListener, org.springframework.test.context.web.ServletTestExecutionListener, org.springframework.test.context.support.DirtiesContextBeforeModesTestExecutionListener, org.springframework.test.context.event.ApplicationEventsTestExecutionListener, org.springframework.test.context.support.DependencyInjectionTestExecutionListener, org.springframework.test.context.support.DirtiesContextTestExecutionListener, org.springframework.test.context.transaction.TransactionalTestExecutionListener, org.springframework.test.context.jdbc.SqlScriptsTestExecutionListener, org.springframework.test.context.event.EventPublishingTestExecutionListener]
11:01:24.743 [Test worker] INFO org.springframework.boot.test.context.SpringBootTestContextBootstrapper - Using TestExecutionListeners: [org.springframework.test.context.web.ServletTestExecutionListener@2abc8034, org.springframework.test.context.support.DirtiesContextBeforeModesTestExecutionListener@467b0f6e, org.springframework.test.context.event.ApplicationEventsTestExecutionListener@474179fa, org.springframework.boot.test.mock.mockito.MockitoTestExecutionListener@420cd102, org.springframework.boot.test.autoconfigure.SpringBootDependencyInjectionTestExecutionListener@c7f4457, org.springframework.test.context.support.DirtiesContextTestExecutionListener@12e12ac9, org.springframework.test.context.transaction.TransactionalTestExecutionListener@5e230fc6, org.springframework.test.context.jdbc.SqlScriptsTestExecutionListener@7a8341c1, org.springframework.security.test.context.support.WithSecurityContextTestExecutionListener@ca8ef3a, org.springframework.test.context.event.EventPublishingTestExecutionListener@17043b04, org.springframework.security.test.context.support.ReactorContextTestExecutionListener@511f5b1d, org.springframework.boot.test.autoconfigure.restdocs.RestDocsTestExecutionListener@31f295b6, org.springframework.boot.test.autoconfigure.web.client.MockRestServiceServerResetTestExecutionListener@7a687d8d, org.springframework.boot.test.autoconfigure.web.servlet.MockMvcPrintOnlyOnFailureTestExecutionListener@4c82b5df, org.springframework.boot.test.autoconfigure.web.servlet.WebDriverTestExecutionListener@67eec8e1, org.springframework.boot.test.autoconfigure.webservices.client.MockWebServiceServerTestExecutionListener@4214ae8f, org.springframework.boot.test.mock.mockito.ResetMocksTestExecutionListener@7ba93755]
11:01:24.752 [Test worker] DEBUG org.springframework.test.context.support.AbstractDirtiesContextTestExecutionListener - Before test class: context [DefaultTestContext@51f95f0d testClass = LoginControllerTest, testInstance = [null], testMethod = [null], testException = [null], mergedContextConfiguration = [WebMergedContextConfiguration@6fc0bbc6 testClass = LoginControllerTest, locations = '{}', classes = '{class nl.chooseyouradventure.Main}', contextInitializerClasses = '[]', activeProfiles = '{}', propertySourceLocations = '{}', propertySourceProperties = '{org.springframework.boot.test.context.SpringBootTestContextBootstrapper=true}', contextCustomizers = set[org.springframework.boot.test.autoconfigure.actuate.metrics.MetricsExportContextCustomizerFactory$DisableMetricExportContextCustomizer@6d303498, org.springframework.boot.test.autoconfigure.properties.PropertyMappingContextCustomizer@4b3fa0b3, org.springframework.boot.test.autoconfigure.web.servlet.WebDriverContextCustomizerFactory$Customizer@8a2a6a, [ImportsContextCustomizer@706ddbc8 key = [org.springframework.boot.test.autoconfigure.web.servlet.MockMvcAutoConfiguration, org.springframework.boot.test.autoconfigure.web.servlet.MockMvcWebClientAutoConfiguration, org.springframework.boot.test.autoconfigure.web.servlet.MockMvcWebDriverAutoConfiguration, org.springframework.boot.autoconfigure.security.oauth2.client.servlet.OAuth2ClientAutoConfiguration, org.springframework.boot.autoconfigure.security.oauth2.resource.servlet.OAuth2ResourceServerAutoConfiguration, org.springframework.boot.autoconfigure.security.servlet.SecurityAutoConfiguration, org.springframework.boot.autoconfigure.security.servlet.SecurityFilterAutoConfiguration, org.springframework.boot.autoconfigure.security.servlet.UserDetailsServiceAutoConfiguration, org.springframework.boot.test.autoconfigure.web.servlet.MockMvcSecurityConfiguration, org.springframework.boot.test.autoconfigure.web.reactive.WebTestClientAutoConfiguration]], org.springframework.boot.test.context.filter.ExcludeFilterContextCustomizer@1a2909ae, org.springframework.boot.test.json.DuplicateJsonObjectContextCustomizerFactory$DuplicateJsonObjectContextCustomizer@a0db585, org.springframework.boot.test.mock.mockito.MockitoContextCustomizer@44e58c06, org.springframework.boot.test.web.client.TestRestTemplateContextCustomizer@2e179f3e, org.springframework.boot.test.context.SpringBootTestArgs@1, org.springframework.boot.test.context.SpringBootTestWebEnvironment@2c4ca0f9], resourceBasePath = 'src/main/webapp', contextLoader = 'org.springframework.boot.test.context.SpringBootContextLoader', parent = [null]], attributes = map['org.springframework.test.context.web.ServletTestExecutionListener.activateListener' -> true]], class annotated with @DirtiesContext [false] with mode [null].

  .   ____          _            __ _ _
 /\\ / ___'_ __ _ _(_)_ __  __ _ \ \ \ \
( ( )\___ | '_ | '_| | '_ \/ _` | \ \ \ \
 \\/  ___)| |_)| | | | | || (_| |  ) ) ) )
  '  |____| .__|_| |_|_| |_\__, | / / / /
 =========|_|==============|___/=/_/_/_/
 :: Spring Boot ::                (v2.7.3)

2022-12-16 11:01:25.510  INFO 2080 --- [    Test worker] n.c.controller.LoginControllerTest       : Starting LoginControllerTest using Java 17.0.5 on PirateRyder with PID 2080 (started by Arenc in C:\Users\Arenc\OneDrive\Documenten\Fontys S3\Back\Application\ChooseYourAdventure)
2022-12-16 11:01:25.513 DEBUG 2080 --- [    Test worker] n.c.controller.LoginControllerTest       : Running with Spring Boot v2.7.3, Spring v5.3.22
2022-12-16 11:01:25.514  INFO 2080 --- [    Test worker] n.c.controller.LoginControllerTest       : No active profile set, falling back to 1 default profile: "default"
2022-12-16 11:01:26.973  INFO 2080 --- [    Test worker] .s.d.r.c.RepositoryConfigurationDelegate : Bootstrapping Spring Data JPA repositories in DEFAULT mode.
2022-12-16 11:01:27.198  INFO 2080 --- [    Test worker] .s.d.r.c.RepositoryConfigurationDelegate : Finished Spring Data repository scanning in 200 ms. Found 6 JPA repository interfaces.
2022-12-16 11:01:29.535  INFO 2080 --- [    Test worker] trationDelegate$BeanPostProcessorChecker : Bean 'methodSecurityConfig' of type [nl.chooseyouradventure.configuration.security.MethodSecurityConfig$$EnhancerBySpringCGLIB$$916710f4] is not eligible for getting processed by all BeanPostProcessors (for example: not eligible for auto-proxying)
2022-12-16 11:01:30.068  INFO 2080 --- [    Test worker] o.hibernate.jpa.internal.util.LogHelper  : HHH000204: Processing PersistenceUnitInfo [name: default]
2022-12-16 11:01:30.179  INFO 2080 --- [    Test worker] org.hibernate.Version                    : HHH000412: Hibernate ORM core version 5.6.10.Final
2022-12-16 11:01:30.248  INFO 2080 --- [    Test worker] o.hibernate.annotations.common.Version   : HCANN000001: Hibernate Commons Annotations {5.1.2.Final}
2022-12-16 11:01:30.412  INFO 2080 --- [    Test worker] com.zaxxer.hikari.HikariDataSource       : HikariPool-1 - Starting...
2022-12-16 11:01:30.804  INFO 2080 --- [    Test worker] com.zaxxer.hikari.HikariDataSource       : HikariPool-1 - Start completed.
2022-12-16 11:01:30.864  INFO 2080 --- [    Test worker] org.hibernate.dialect.Dialect            : HHH000400: Using dialect: org.hibernate.dialect.MySQL8Dialect
2022-12-16 11:01:31.834  INFO 2080 --- [    Test worker] o.h.e.t.j.p.i.JtaPlatformInitiator       : HHH000490: Using JtaPlatform implementation: [org.hibernate.engine.transaction.jta.platform.internal.NoJtaPlatform]
2022-12-16 11:01:31.849  INFO 2080 --- [    Test worker] j.LocalContainerEntityManagerFactoryBean : Initialized JPA EntityManagerFactory for persistence unit 'default'
2022-12-16 11:01:37.900  WARN 2080 --- [    Test worker] JpaBaseConfiguration$JpaWebConfiguration : spring.jpa.open-in-view is enabled by default. Therefore, database queries may be performed during view rendering. Explicitly configure spring.jpa.open-in-view to disable this warning
2022-12-16 11:01:38.578  INFO 2080 --- [    Test worker] o.s.s.web.DefaultSecurityFilterChain     : Will secure any request with [org.springframework.security.web.session.DisableEncodeUrlFilter@51b40d47, org.springframework.security.web.context.request.async.WebAsyncManagerIntegrationFilter@462709b9, org.springframework.security.web.context.SecurityContextPersistenceFilter@31786993, org.springframework.security.web.header.HeaderWriterFilter@35f7eb4, org.springframework.web.filter.CorsFilter@4e01e070, org.springframework.security.web.authentication.logout.LogoutFilter@58b58735, org.springframework.security.web.authentication.www.BasicAuthenticationFilter@46e48aaf, org.springframework.security.web.savedrequest.RequestCacheAwareFilter@53780aa3, org.springframework.security.web.servletapi.SecurityContextHolderAwareRequestFilter@2102d36f, org.springframework.security.web.authentication.AnonymousAuthenticationFilter@18a1435e, org.springframework.security.web.session.SessionManagementFilter@46c22594, org.springframework.security.web.access.ExceptionTranslationFilter@5cf44218, org.springframework.security.web.access.intercept.FilterSecurityInterceptor@161dca1d]
2022-12-16 11:01:39.541  INFO 2080 --- [    Test worker] o.s.b.t.m.w.SpringBootMockServletContext : Initializing Spring TestDispatcherServlet ''
2022-12-16 11:01:39.541  INFO 2080 --- [    Test worker] o.s.t.web.servlet.TestDispatcherServlet  : Initializing Servlet ''
2022-12-16 11:01:39.543  INFO 2080 --- [    Test worker] o.s.t.web.servlet.TestDispatcherServlet  : Completed initialization in 1 ms
2022-12-16 11:01:39.564  INFO 2080 --- [    Test worker] o.s.m.s.b.SimpleBrokerMessageHandler     : Starting...
2022-12-16 11:01:39.564  INFO 2080 --- [    Test worker] o.s.m.s.b.SimpleBrokerMessageHandler     : BrokerAvailabilityEvent[available=true, SimpleBrokerMessageHandler [org.springframework.messaging.simp.broker.DefaultSubscriptionRegistry@7bec1342]]
2022-12-16 11:01:39.566  INFO 2080 --- [    Test worker] o.s.m.s.b.SimpleBrokerMessageHandler     : Started.
2022-12-16 11:01:39.574  INFO 2080 --- [    Test worker] n.c.controller.LoginControllerTest       : Started LoginControllerTest in 14.755 seconds (JVM running for 16.976)
2022-12-16 11:01:39.675 DEBUG 2080 --- [    Test worker] o.s.w.f.CommonsRequestLoggingFilter      : Before request [GET /api/login]
2022-12-16 11:01:39.769 DEBUG 2080 --- [    Test worker] o.s.w.f.CommonsRequestLoggingFilter      : After request [GET /api/login]

MockHttpServletRequest:
      HTTP Method = GET
      Request URI = /api/login
       Parameters = {username=[Ramen], password=[passwordEncoded]}
          Headers = [Content-Type:"application/json;charset=UTF-8"]
             Body = null
    Session Attrs = {}

Handler:
             Type = nl.chooseyouradventure.controller.LoginController
           Method = nl.chooseyouradventure.controller.LoginController#getLoginPage(String, String, HttpServletResponse)

Async:
    Async started = false
     Async result = null

Resolved Exception:
             Type = null

ModelAndView:
        View name = null
             View = null
            Model = null

FlashMap:
       Attributes = null

MockHttpServletResponse:
           Status = 200
    Error message = null
          Headers = [Vary:"Origin", "Access-Control-Request-Method", "Access-Control-Request-Headers", Content-Type:"application/json", X-Content-Type-Options:"nosniff", X-XSS-Protection:"1; mode=block", Cache-Control:"no-cache, no-store, max-age=0, must-revalidate", Pragma:"no-cache", Expires:"0"]
     Content type = application/json
             Body = {"userid":200,"username":"Ramen","email":"ramen@gmail.com","password":"passwordEncoded","keyword":"key","ismod":false,"accesToken":null}
    Forwarded URL = null
   Redirected URL = null
          Cookies = []
2022-12-16 11:01:39.817 DEBUG 2080 --- [    Test worker] o.s.w.f.CommonsRequestLoggingFilter      : Before request [POST /api/register]
2022-12-16 11:01:39.869 DEBUG 2080 --- [    Test worker] o.s.w.f.CommonsRequestLoggingFilter      : After request [POST /api/register]

MockHttpServletRequest:
      HTTP Method = POST
      Request URI = /api/register
       Parameters = {}
          Headers = [Content-Type:"application/json;charset=UTF-8", Content-Length:"76"]
             Body = {"username":"Ramen","email":"ramen@gmail.com","password":"passwordEncoded"}

    Session Attrs = {}

Handler:
             Type = nl.chooseyouradventure.controller.LoginController
           Method = nl.chooseyouradventure.controller.LoginController#register(UserDta)

Async:
    Async started = false
     Async result = null

Resolved Exception:
             Type = null

ModelAndView:
        View name = null
             View = null
            Model = null

FlashMap:
       Attributes = null

MockHttpServletResponse:
           Status = 201
    Error message = null
          Headers = [Vary:"Origin", "Access-Control-Request-Method", "Access-Control-Request-Headers", X-Content-Type-Options:"nosniff", X-XSS-Protection:"1; mode=block", Cache-Control:"no-cache, no-store, max-age=0, must-revalidate", Pragma:"no-cache", Expires:"0"]
     Content type = null
             Body = 
    Forwarded URL = null
   Redirected URL = null
          Cookies = []

MockHttpServletRequest:
      HTTP Method = POST
      Request URI = /api/registering
       Parameters = {}
          Headers = [Content-Type:"application/json;charset=UTF-8", Content-Length:"76"]
             Body = {"username":"Ramen","email":"ramen@gmail.com","password":"passwordEncoded"}

    Session Attrs = {}

Handler:
             Type = null

Async:
    Async started = false
     Async result = null

Resolved Exception:
             Type = null

ModelAndView:
        View name = null
             View = null
            Model = null

FlashMap:
       Attributes = null

MockHttpServletResponse:
           Status = 401
    Error message = Unauthorized
          Headers = [Vary:"Origin", "Access-Control-Request-Method", "Access-Control-Request-Headers", WWW-Authenticate:"Basic realm="Realm"", X-Content-Type-Options:"nosniff", X-XSS-Protection:"1; mode=block", Cache-Control:"no-cache, no-store, max-age=0, must-revalidate", Pragma:"no-cache", Expires:"0"]
     Content type = null
             Body = 
    Forwarded URL = null
   Redirected URL = null
          Cookies = []
]]></system-out>
  <system-err><![CDATA[]]></system-err>
</testsuite>
