<?xml version="1.0" encoding="UTF-8"?>
<testsuite name="nl.chooseyouradventure.service.impl.ReportServiceImpTest" tests="18" skipped="0" failures="0" errors="0" timestamp="2023-01-13T13:56:31" hostname="PIRATERYDER" time="0.066">
  <properties/>
  <testcase name="getAllReports()" classname="nl.chooseyouradventure.service.impl.ReportServiceImpTest" time="0.043"/>
  <testcase name="getReportType_GivenNull()" classname="nl.chooseyouradventure.service.impl.ReportServiceImpTest" time="0.001"/>
  <testcase name="deleteReport_GivenNull()" classname="nl.chooseyouradventure.service.impl.ReportServiceImpTest" time="0.001"/>
  <testcase name="updateReport_GivenNoId()" classname="nl.chooseyouradventure.service.impl.ReportServiceImpTest" time="0.002"/>
  <testcase name="updateReport_GivenNull()" classname="nl.chooseyouradventure.service.impl.ReportServiceImpTest" time="0.001"/>
  <testcase name="saveReport_GivenNull()" classname="nl.chooseyouradventure.service.impl.ReportServiceImpTest" time="0.001"/>
  <testcase name="getAllReportTypes()" classname="nl.chooseyouradventure.service.impl.ReportServiceImpTest" time="0.001"/>
  <testcase name="updateReport()" classname="nl.chooseyouradventure.service.impl.ReportServiceImpTest" time="0.003"/>
  <testcase name="deleteReport()" classname="nl.chooseyouradventure.service.impl.ReportServiceImpTest" time="0.001"/>
  <testcase name="getOneReport_ReturnNull()" classname="nl.chooseyouradventure.service.impl.ReportServiceImpTest" time="0.002"/>
  <testcase name="deleteReport_GivenNegative()" classname="nl.chooseyouradventure.service.impl.ReportServiceImpTest" time="0.001"/>
  <testcase name="getAllReportTypes_GivenNullList()" classname="nl.chooseyouradventure.service.impl.ReportServiceImpTest" time="0.002"/>
  <testcase name="updateReport_GivenNoPresent()" classname="nl.chooseyouradventure.service.impl.ReportServiceImpTest" time="0.001"/>
  <testcase name="saveReport()" classname="nl.chooseyouradventure.service.impl.ReportServiceImpTest" time="0.001"/>
  <testcase name="getAllReports_GivenNullList()" classname="nl.chooseyouradventure.service.impl.ReportServiceImpTest" time="0.001"/>
  <testcase name="getOneReport_EnteredNegative()" classname="nl.chooseyouradventure.service.impl.ReportServiceImpTest" time="0.001"/>
  <testcase name="getOneReport()" classname="nl.chooseyouradventure.service.impl.ReportServiceImpTest" time="0.001"/>
  <testcase name="getReportType()" classname="nl.chooseyouradventure.service.impl.ReportServiceImpTest" time="0.001"/>
  <system-out><![CDATA[]]></system-out>
  <system-err><![CDATA[]]></system-err>
</testsuite>
