<?xml version="1.0" encoding="UTF-8"?>
<testsuite name="nl.chooseyouradventure.service.StoryServiceTest" tests="25" skipped="0" failures="0" errors="0" timestamp="2022-11-29T19:27:43" hostname="LAPTOP-T68RLDR0" time="3.492">
  <properties/>
  <testcase name="saveStory_withUser()" classname="nl.chooseyouradventure.service.StoryServiceTest" time="2.015"/>
  <testcase name="saveStoryBody_InvalidStoryIsNull()" classname="nl.chooseyouradventure.service.StoryServiceTest" time="0.013"/>
  <testcase name="getStory_withInValidId()" classname="nl.chooseyouradventure.service.StoryServiceTest" time="0.036"/>
  <testcase name="getAllStoriesBasedOnName_NameIsNull()" classname="nl.chooseyouradventure.service.StoryServiceTest" time="0.034"/>
  <testcase name="saveStoryBody_InvalidStoryBodyIsNull()" classname="nl.chooseyouradventure.service.StoryServiceTest" time="0.013"/>
  <testcase name="getStoryBody_validId()" classname="nl.chooseyouradventure.service.StoryServiceTest" time="0.023"/>
  <testcase name="getAllStories()" classname="nl.chooseyouradventure.service.StoryServiceTest" time="0.019"/>
  <testcase name="getStoryBodyType_NoValidNameIsEmpty()" classname="nl.chooseyouradventure.service.StoryServiceTest" time="0.023"/>
  <testcase name="deleteUserStory_ValidId()" classname="nl.chooseyouradventure.service.StoryServiceTest" time="0.082"/>
  <testcase name="saveStoryBody_Success()" classname="nl.chooseyouradventure.service.StoryServiceTest" time="0.043"/>
  <testcase name="getStoryBodyType_ValidName()" classname="nl.chooseyouradventure.service.StoryServiceTest" time="0.026"/>
  <testcase name="deleteStory_ValidId()" classname="nl.chooseyouradventure.service.StoryServiceTest" time="0.078"/>
  <testcase name="saveStory_noUser()" classname="nl.chooseyouradventure.service.StoryServiceTest" time="0.105"/>
  <testcase name="getStoryBodyType_NoValidNameIsEmptyString()" classname="nl.chooseyouradventure.service.StoryServiceTest" time="0.041"/>
  <testcase name="getStory_withValidId()" classname="nl.chooseyouradventure.service.StoryServiceTest" time="0.112"/>
  <testcase name="deleteStory_NoValidId()" classname="nl.chooseyouradventure.service.StoryServiceTest" time="0.086"/>
  <testcase name="getStoryBodyType()" classname="nl.chooseyouradventure.service.StoryServiceTest" time="0.017"/>
  <testcase name="GetAllStoriesUser()" classname="nl.chooseyouradventure.service.StoryServiceTest" time="0.074"/>
  <testcase name="getAllStoriesBasedOnName_NameIsEmptyString()" classname="nl.chooseyouradventure.service.StoryServiceTest" time="0.052"/>
  <testcase name="getAllStoriesBasedOnName_SizeIsNull()" classname="nl.chooseyouradventure.service.StoryServiceTest" time="0.132"/>
  <testcase name="getStoryBody_InvalidId()" classname="nl.chooseyouradventure.service.StoryServiceTest" time="0.061"/>
  <testcase name="saveStoryBody_InvalidStoryTypeIsNull()" classname="nl.chooseyouradventure.service.StoryServiceTest" time="0.015"/>
  <testcase name="GetAllStoriesUser_withInValidId()" classname="nl.chooseyouradventure.service.StoryServiceTest" time="0.063"/>
  <testcase name="deleteUserStory_NoValidId()" classname="nl.chooseyouradventure.service.StoryServiceTest" time="0.072"/>
  <testcase name="getStoryBodyType_NoValidNameIsNull()" classname="nl.chooseyouradventure.service.StoryServiceTest" time="0.022"/>
  <system-out><![CDATA[]]></system-out>
  <system-err><![CDATA[]]></system-err>
</testsuite>
