<?xml version="1.0" encoding="UTF-8"?>
<testsuite name="nl.chooseyouradventure.security.workfactor.BcCryptWorkFactorServiceTest" tests="9" skipped="0" failures="0" errors="0" timestamp="2022-11-29T19:24:37" hostname="LAPTOP-T68RLDR0" time="183.277">
  <properties/>
  <testcase name="calculateStrengthBi()" classname="nl.chooseyouradventure.security.workfactor.BcCryptWorkFactorServiceTest" time="174.185"/>
  <testcase name="findCloserToShouldReturnGoalIfNumber1IsEqualGoal()" classname="nl.chooseyouradventure.security.workfactor.BcCryptWorkFactorServiceTest" time="0.003"/>
  <testcase name="findCloserToShouldReturnGoalIfNumber2IsEqualGoal()" classname="nl.chooseyouradventure.security.workfactor.BcCryptWorkFactorServiceTest" time="0.004"/>
  <testcase name="getStrengthShouldReturnPreviousStrengthIfPreviousDurationCloserToGoal()" classname="nl.chooseyouradventure.security.workfactor.BcCryptWorkFactorServiceTest" time="0.009"/>
  <testcase name="getStrengthShouldReturnCurrentStrengthIfCurrentDurationCloserToGoal()" classname="nl.chooseyouradventure.security.workfactor.BcCryptWorkFactorServiceTest" time="0.118"/>
  <testcase name="calculateStrength()" classname="nl.chooseyouradventure.security.workfactor.BcCryptWorkFactorServiceTest" time="8.864"/>
  <testcase name="findCloserToShouldReturnNumber1IfItCloserToGoalThanNumber2()" classname="nl.chooseyouradventure.security.workfactor.BcCryptWorkFactorServiceTest" time="0.002"/>
  <testcase name="getStrengthShouldReturn4IfStrengthIs4()" classname="nl.chooseyouradventure.security.workfactor.BcCryptWorkFactorServiceTest" time="0.003"/>
  <testcase name="findCloserToShouldReturnNUmber2IfItCloserToGoalThanNumber1()" classname="nl.chooseyouradventure.security.workfactor.BcCryptWorkFactorServiceTest" time="0.003"/>
  <system-out><![CDATA[]]></system-out>
  <system-err><![CDATA[]]></system-err>
</testsuite>
