<?xml version="1.0" encoding="UTF-8"?>
<testsuite name="nl.chooseyouradventure.controller.StoryControllerTest" tests="3" skipped="0" failures="0" errors="0" timestamp="2022-11-28T10:56:25" hostname="LAPTOP-T68RLDR0" time="0.006">
  <properties/>
  <testcase name="add()" classname="nl.chooseyouradventure.controller.StoryControllerTest" time="0.001"/>
  <testcase name="list()" classname="nl.chooseyouradventure.controller.StoryControllerTest" time="0.001"/>
  <testcase name="getStory()" classname="nl.chooseyouradventure.controller.StoryControllerTest" time="0.001"/>
  <system-out><![CDATA[]]></system-out>
  <system-err><![CDATA[]]></system-err>
</testsuite>
